Determining if the pthread_create exist failed with the following output:
Change Dir: /home/progettodcirv/catkin_ws/src/build/CMakeFiles/CMakeTmp

Run Build Command:"/usr/bin/make" "cmTC_7d2d9/fast"
/usr/bin/make -f CMakeFiles/cmTC_7d2d9.dir/build.make CMakeFiles/cmTC_7d2d9.dir/build
make[1]: ingresso nella directory "/home/progettodcirv/catkin_ws/src/build/CMakeFiles/CMakeTmp"
Building C object CMakeFiles/cmTC_7d2d9.dir/CheckSymbolExists.c.o
/usr/bin/cc    -o CMakeFiles/cmTC_7d2d9.dir/CheckSymbolExists.c.o   -c /home/progettodcirv/catkin_ws/src/build/CMakeFiles/CMakeTmp/CheckSymbolExists.c
Linking C executable cmTC_7d2d9
/usr/bin/cmake -E cmake_link_script CMakeFiles/cmTC_7d2d9.dir/link.txt --verbose=1
/usr/bin/cc      -rdynamic CMakeFiles/cmTC_7d2d9.dir/CheckSymbolExists.c.o  -o cmTC_7d2d9 
CMakeFiles/cmTC_7d2d9.dir/CheckSymbolExists.c.o: nella funzione "main":
CheckSymbolExists.c:(.text+0x1b): riferimento non definito a "pthread_create"
collect2: error: ld returned 1 exit status
CMakeFiles/cmTC_7d2d9.dir/build.make:97: recipe for target 'cmTC_7d2d9' failed
make[1]: *** [cmTC_7d2d9] Error 1
make[1]: uscita dalla directory "/home/progettodcirv/catkin_ws/src/build/CMakeFiles/CMakeTmp"
Makefile:126: recipe for target 'cmTC_7d2d9/fast' failed
make: *** [cmTC_7d2d9/fast] Error 2

File /home/progettodcirv/catkin_ws/src/build/CMakeFiles/CMakeTmp/CheckSymbolExists.c:
/* */
#include <pthread.h>

int main(int argc, char** argv)
{
  (void)argv;
#ifndef pthread_create
  return ((int*)(&pthread_create))[argc];
#else
  (void)argc;
  return 0;
#endif
}

Determining if the function pthread_create exists in the pthreads failed with the following output:
Change Dir: /home/progettodcirv/catkin_ws/src/build/CMakeFiles/CMakeTmp

Run Build Command:"/usr/bin/make" "cmTC_fd41c/fast"
/usr/bin/make -f CMakeFiles/cmTC_fd41c.dir/build.make CMakeFiles/cmTC_fd41c.dir/build
make[1]: ingresso nella directory "/home/progettodcirv/catkin_ws/src/build/CMakeFiles/CMakeTmp"
Building C object CMakeFiles/cmTC_fd41c.dir/CheckFunctionExists.c.o
/usr/bin/cc   -DCHECK_FUNCTION_EXISTS=pthread_create   -o CMakeFiles/cmTC_fd41c.dir/CheckFunctionExists.c.o   -c /usr/share/cmake-3.10/Modules/CheckFunctionExists.c
Linking C executable cmTC_fd41c
/usr/bin/cmake -E cmake_link_script CMakeFiles/cmTC_fd41c.dir/link.txt --verbose=1
/usr/bin/cc  -DCHECK_FUNCTION_EXISTS=pthread_create    -rdynamic CMakeFiles/cmTC_fd41c.dir/CheckFunctionExists.c.o  -o cmTC_fd41c -lpthreads 
/usr/bin/ld: impossibile trovare -lpthreads
collect2: error: ld returned 1 exit status
CMakeFiles/cmTC_fd41c.dir/build.make:97: recipe for target 'cmTC_fd41c' failed
make[1]: *** [cmTC_fd41c] Error 1
make[1]: uscita dalla directory "/home/progettodcirv/catkin_ws/src/build/CMakeFiles/CMakeTmp"
Makefile:126: recipe for target 'cmTC_fd41c/fast' failed
make: *** [cmTC_fd41c/fast] Error 2


